android/app/build/intermediates/manifest_merge_blame_file/debug/manifest-merger-blame-debug-report.txt
1<?xml version="1.0" encoding="utf-8"?>
2<manifest xmlns:android="http://schemas.android.com/apk/res/android"
3    package="com.cubersocial"
4    android:versionCode="1"
5    android:versionName="1.0" >
6
7    <uses-sdk
8        android:minSdkVersion="21"
9        android:targetSdkVersion="30" />
10
11    <uses-permission android:name="android.permission.SYSTEM_ALERT_WINDOW" />
11-->src/debug/AndroidManifest.xml:5:5-77
11-->src/debug/AndroidManifest.xml:5:22-75
12    <uses-permission android:name="android.permission.INTERNET" />
12-->src/main/AndroidManifest.xml:4:5-67
12-->src/main/AndroidManifest.xml:4:22-64
13    <uses-permission android:name="android.permission.CAMERA" />
13-->src/main/AndroidManifest.xml:5:5-65
13-->src/main/AndroidManifest.xml:5:22-62
14    <uses-permission android:name="android.permission.WRITE_EXTERNAL_STORAGE" />
14-->src/main/AndroidManifest.xml:6:5-81
14-->src/main/AndroidManifest.xml:6:22-78
15    <uses-permission android:name="android.permission.ACCESS_WIFI_STATE" />
15-->[com.facebook.flipper:flipper:0.93.0] AndroidManifest.xml:16:5-76
15-->[com.facebook.flipper:flipper:0.93.0] AndroidManifest.xml:16:22-73
16    <uses-permission android:name="android.permission.ACCESS_NETWORK_STATE" />
16-->[:react-native-firebase_analytics] AndroidManifest.xml:9:5-79
16-->[:react-native-firebase_analytics] AndroidManifest.xml:9:22-76
17    <uses-permission android:name="android.permission.WAKE_LOCK" />
17-->[:react-native-firebase_analytics] AndroidManifest.xml:11:5-68
17-->[:react-native-firebase_analytics] AndroidManifest.xml:11:22-65
18
19    <queries>
19-->[:react-native-image-crop-picker] AndroidManifest.xml:9:5-13:15
20        <intent>
20-->[:react-native-image-crop-picker] AndroidManifest.xml:10:9-12:18
21            <action android:name="android.media.action.IMAGE_CAPTURE" />
21-->[:react-native-image-crop-picker] AndroidManifest.xml:11:13-73
21-->[:react-native-image-crop-picker] AndroidManifest.xml:11:21-70
22        </intent>
23    </queries>
24
25    <uses-permission android:name="android.permission.ACCESS_COARSE_LOCATION" /> <!-- Required by older versions of Google Play services to create IID tokens -->
25-->[:react-native-maps] AndroidManifest.xml:10:5-81
25-->[:react-native-maps] AndroidManifest.xml:10:22-78
26    <uses-permission android:name="com.google.android.c2dm.permission.RECEIVE" />
26-->[com.google.android.gms:play-services-iid:17.0.0] AndroidManifest.xml:23:5-82
26-->[com.google.android.gms:play-services-iid:17.0.0] AndroidManifest.xml:23:22-79
27
28    <uses-feature
28-->[com.google.android.gms:play-services-maps:17.0.0] AndroidManifest.xml:26:5-28:35
29        android:glEsVersion="0x00020000"
29-->[com.google.android.gms:play-services-maps:17.0.0] AndroidManifest.xml:27:9-41
30        android:required="true" />
30-->[com.google.android.gms:play-services-maps:17.0.0] AndroidManifest.xml:28:9-32
31
32    <uses-permission android:name="com.google.android.finsky.permission.BIND_GET_INSTALL_REFERRER_SERVICE" />
32-->[com.google.android.gms:play-services-measurement:19.0.1] AndroidManifest.xml:26:5-110
32-->[com.google.android.gms:play-services-measurement:19.0.1] AndroidManifest.xml:26:22-107
33    <uses-permission android:name="android.permission.RECEIVE_BOOT_COMPLETED" />
33-->[com.transistorsoft:tsbackgroundfetch:0.5.4] AndroidManifest.xml:11:5-81
33-->[com.transistorsoft:tsbackgroundfetch:0.5.4] AndroidManifest.xml:11:22-78
34    <uses-permission android:name="android.permission.GET_TASKS" />
34-->[com.transistorsoft:tsbackgroundfetch:0.5.4] AndroidManifest.xml:13:5-68
34-->[com.transistorsoft:tsbackgroundfetch:0.5.4] AndroidManifest.xml:13:22-65
35    <uses-permission android:name="android.permission.ACCESS_BACKGROUND_LOCATION" />
35-->[com.transistorsoft:tslocationmanager:3.1.33] AndroidManifest.xml:5:5-84
35-->[com.transistorsoft:tslocationmanager:3.1.33] AndroidManifest.xml:5:22-82
36    <uses-permission android:name="android.permission.ACTIVITY_RECOGNITION" />
36-->[com.transistorsoft:tslocationmanager:3.1.33] AndroidManifest.xml:7:5-78
36-->[com.transistorsoft:tslocationmanager:3.1.33] AndroidManifest.xml:7:22-76
37    <uses-permission android:name="android.permission.ACCESS_FINE_LOCATION" />
37-->[com.transistorsoft:tslocationmanager:3.1.33] AndroidManifest.xml:8:5-78
37-->[com.transistorsoft:tslocationmanager:3.1.33] AndroidManifest.xml:8:22-76
38    <uses-permission android:name="android.permission.FOREGROUND_SERVICE" />
38-->[com.transistorsoft:tslocationmanager:3.1.33] AndroidManifest.xml:10:5-76
38-->[com.transistorsoft:tslocationmanager:3.1.33] AndroidManifest.xml:10:22-74
39    <uses-permission android:name="com.google.android.gms.permission.ACTIVITY_RECOGNITION" />
39-->[com.transistorsoft:tslocationmanager:3.1.33] AndroidManifest.xml:11:5-93
39-->[com.transistorsoft:tslocationmanager:3.1.33] AndroidManifest.xml:11:22-91
40    <uses-permission android:name="android.permission.SCHEDULE_EXACT_ALARM" />
40-->[com.transistorsoft:tslocationmanager:3.1.33] AndroidManifest.xml:14:5-78
40-->[com.transistorsoft:tslocationmanager:3.1.33] AndroidManifest.xml:14:22-76
41    <!--
42    This permission overrids Android 12 restriction on starting foreground-serivces in background
43    but the permission is available only to "priveliged" apps (EMERGENCY apps)
44
45    <uses-permission android:name="android.permission.START_FOREGROUND_SERVICES_FROM_BACKGROUND" />
46    -->
47    <!-- device-specific permissions for DeviceSettings methods -->
48    <uses-permission android:name="oppo.permission.OPPO_COMPONENT_SAFE" />
48-->[com.transistorsoft:tslocationmanager:3.1.33] AndroidManifest.xml:22:5-74
48-->[com.transistorsoft:tslocationmanager:3.1.33] AndroidManifest.xml:22:22-72
49    <uses-permission android:name="com.huawei.permission.external_app_settings.USE_COMPONENT" />
49-->[com.transistorsoft:tslocationmanager:3.1.33] AndroidManifest.xml:23:5-96
49-->[com.transistorsoft:tslocationmanager:3.1.33] AndroidManifest.xml:23:22-94
50
51    <uses-feature
51-->[com.transistorsoft:tslocationmanager:3.1.33] AndroidManifest.xml:24:5-90
52        android:name="android.hardware.location.gps"
52-->[com.transistorsoft:tslocationmanager:3.1.33] AndroidManifest.xml:24:19-63
53        android:required="false" />
53-->[com.transistorsoft:tslocationmanager:3.1.33] AndroidManifest.xml:24:64-88
54
55    <application
55-->src/main/AndroidManifest.xml:8:5-33:19
56        android:name="com.cubersocial.MainApplication"
56-->src/main/AndroidManifest.xml:9:7-38
57        android:allowBackup="false"
57-->src/main/AndroidManifest.xml:13:7-34
58        android:appComponentFactory="androidx.core.app.CoreComponentFactory"
58-->[androidx.core:core:1.5.0] AndroidManifest.xml:24:18-86
59        android:debuggable="true"
60        android:icon="@mipmap/ic_launcher"
60-->src/main/AndroidManifest.xml:11:7-41
61        android:label="@string/app_name"
61-->src/main/AndroidManifest.xml:10:7-39
62        android:roundIcon="@mipmap/ic_launcher_round"
62-->src/main/AndroidManifest.xml:12:7-52
63        android:supportsRtl="true"
63-->[com.facebook.android:facebook-android-sdk:8.2.0] AndroidManifest.xml:28:18-44
64        android:theme="@style/AppTheme"
64-->src/main/AndroidManifest.xml:14:7-38
65        android:usesCleartextTraffic="true" >
65-->src/debug/AndroidManifest.xml:7:18-53
66        <meta-data
66-->src/main/AndroidManifest.xml:15:9-17:74
67            android:name="com.google.android.geo.API_KEY"
67-->src/main/AndroidManifest.xml:16:17-62
68            android:value="AIzaSyDZjc8BfXlIVynxLbciMGXbTCUwy8pz0ts" />
68-->src/main/AndroidManifest.xml:17:17-72
69
70        <uses-library
70-->src/main/AndroidManifest.xml:18:9-87
71            android:name="org.apache.http.legacy"
71-->src/main/AndroidManifest.xml:18:23-60
72            android:required="false" />
72-->src/main/AndroidManifest.xml:18:61-85
73
74        <activity
74-->src/main/AndroidManifest.xml:19:7-29:18
75            android:name="com.cubersocial.MainActivity"
75-->src/main/AndroidManifest.xml:20:9-37
76            android:configChanges="keyboard|keyboardHidden|orientation|screenSize|uiMode"
76-->src/main/AndroidManifest.xml:22:9-86
77            android:label="@string/app_name"
77-->src/main/AndroidManifest.xml:21:9-41
78            android:launchMode="singleTask"
78-->src/main/AndroidManifest.xml:23:9-40
79            android:windowSoftInputMode="adjustResize" >
79-->src/main/AndroidManifest.xml:24:9-51
80            <intent-filter>
80-->src/main/AndroidManifest.xml:25:9-28:25
81                <action android:name="android.intent.action.MAIN" />
81-->src/main/AndroidManifest.xml:26:13-65
81-->src/main/AndroidManifest.xml:26:21-62
82
83                <category android:name="android.intent.category.LAUNCHER" />
83-->src/main/AndroidManifest.xml:27:13-73
83-->src/main/AndroidManifest.xml:27:23-70
84            </intent-filter>
85        </activity>
86
87        <service
87-->src/main/AndroidManifest.xml:30:9-135
88            android:name="com.transistorsoft.locationmanager.service.TrackingService"
88-->src/main/AndroidManifest.xml:30:18-91
89            android:foregroundServiceType="location" />
89-->src/main/AndroidManifest.xml:30:92-132
90        <service
90-->src/main/AndroidManifest.xml:31:9-142
91            android:name="com.transistorsoft.locationmanager.service.LocationRequestService"
91-->src/main/AndroidManifest.xml:31:18-98
92            android:foregroundServiceType="location" />
92-->src/main/AndroidManifest.xml:31:99-139
93
94        <meta-data
94-->src/main/AndroidManifest.xml:32:7-105
95            android:name="com.facebook.sdk.ApplicationId"
95-->src/main/AndroidManifest.xml:32:18-63
96            android:value="@string/facebook_app_id" />
96-->src/main/AndroidManifest.xml:32:64-103
97        <meta-data
97-->[:react-native-firebase_analytics] AndroidManifest.xml:14:9-16:36
98            android:name="firebase_analytics_collection_enabled"
98-->[:react-native-firebase_analytics] AndroidManifest.xml:15:13-65
99            android:value="true" />
99-->[:react-native-firebase_analytics] AndroidManifest.xml:16:13-33
100        <meta-data
100-->[:react-native-firebase_analytics] AndroidManifest.xml:17:9-19:37
101            android:name="firebase_analytics_collection_deactivated"
101-->[:react-native-firebase_analytics] AndroidManifest.xml:18:13-69
102            android:value="false" />
102-->[:react-native-firebase_analytics] AndroidManifest.xml:19:13-34
103        <meta-data
103-->[:react-native-firebase_analytics] AndroidManifest.xml:20:9-22:36
104            android:name="google_analytics_adid_collection_enabled"
104-->[:react-native-firebase_analytics] AndroidManifest.xml:21:13-68
105            android:value="true" />
105-->[:react-native-firebase_analytics] AndroidManifest.xml:22:13-33
106        <meta-data
106-->[:react-native-firebase_analytics] AndroidManifest.xml:23:9-25:36
107            android:name="google_analytics_ssaid_collection_enabled"
107-->[:react-native-firebase_analytics] AndroidManifest.xml:24:13-69
108            android:value="true" />
108-->[:react-native-firebase_analytics] AndroidManifest.xml:25:13-33
109        <meta-data
109-->[:react-native-firebase_analytics] AndroidManifest.xml:26:9-28:36
110            android:name="google_analytics_default_allow_ad_personalization_signals"
110-->[:react-native-firebase_analytics] AndroidManifest.xml:27:13-85
111            android:value="true" />
111-->[:react-native-firebase_analytics] AndroidManifest.xml:28:13-33
112        <meta-data
112-->[:@react-native-firebase_app] AndroidManifest.xml:10:9-12:36
113            android:name="app_data_collection_default_enabled"
113-->[:@react-native-firebase_app] AndroidManifest.xml:11:13-63
114            android:value="true" />
114-->[:@react-native-firebase_app] AndroidManifest.xml:12:13-33
115
116        <service
116-->[:@react-native-firebase_app] AndroidManifest.xml:14:9-18:19
117            android:name="com.google.firebase.components.ComponentDiscoveryService"
117-->[:@react-native-firebase_app] AndroidManifest.xml:14:18-89
118            android:directBootAware="true"
118-->[com.google.firebase:firebase-common:20.0.0] AndroidManifest.xml:35:13-43
119            android:exported="false" >
119-->[com.google.firebase:firebase-auth:21.0.1] AndroidManifest.xml:76:13-37
120            <meta-data
120-->[:@react-native-firebase_app] AndroidManifest.xml:15:13-17:85
121                android:name="com.google.firebase.components:io.invertase.firebase.app.ReactNativeFirebaseAppRegistrar"
121-->[:@react-native-firebase_app] AndroidManifest.xml:16:17-120
122                android:value="com.google.firebase.components.ComponentRegistrar" />
122-->[:@react-native-firebase_app] AndroidManifest.xml:17:17-82
123            <meta-data
123-->[com.google.firebase:firebase-auth:21.0.1] AndroidManifest.xml:77:13-79:85
124                android:name="com.google.firebase.components:com.google.firebase.auth.FirebaseAuthRegistrar"
124-->[com.google.firebase:firebase-auth:21.0.1] AndroidManifest.xml:78:17-109
125                android:value="com.google.firebase.components.ComponentRegistrar" />
125-->[com.google.firebase:firebase-auth:21.0.1] AndroidManifest.xml:79:17-82
126            <meta-data
126-->[com.google.firebase:firebase-storage:20.0.0] AndroidManifest.xml:33:13-35:85
127                android:name="com.google.firebase.components:com.google.firebase.storage.StorageRegistrar"
127-->[com.google.firebase:firebase-storage:20.0.0] AndroidManifest.xml:34:17-107
128                android:value="com.google.firebase.components.ComponentRegistrar" />
128-->[com.google.firebase:firebase-storage:20.0.0] AndroidManifest.xml:35:17-82
129            <meta-data
129-->[com.google.firebase:firebase-firestore:23.0.3] AndroidManifest.xml:20:13-22:85
130                android:name="com.google.firebase.components:com.google.firebase.firestore.FirestoreRegistrar"
130-->[com.google.firebase:firebase-firestore:23.0.3] AndroidManifest.xml:21:17-111
131                android:value="com.google.firebase.components.ComponentRegistrar" />
131-->[com.google.firebase:firebase-firestore:23.0.3] AndroidManifest.xml:22:17-82
132            <meta-data
132-->[com.google.android.gms:play-services-measurement-api:19.0.1] AndroidManifest.xml:30:13-32:85
133                android:name="com.google.firebase.components:com.google.firebase.analytics.connector.internal.AnalyticsConnectorRegistrar"
133-->[com.google.android.gms:play-services-measurement-api:19.0.1] AndroidManifest.xml:31:17-139
134                android:value="com.google.firebase.components.ComponentRegistrar" />
134-->[com.google.android.gms:play-services-measurement-api:19.0.1] AndroidManifest.xml:32:17-82
135            <meta-data
135-->[com.google.firebase:firebase-installations:17.0.0] AndroidManifest.xml:18:13-20:85
136                android:name="com.google.firebase.components:com.google.firebase.installations.FirebaseInstallationsRegistrar"
136-->[com.google.firebase:firebase-installations:17.0.0] AndroidManifest.xml:19:17-127
137                android:value="com.google.firebase.components.ComponentRegistrar" />
137-->[com.google.firebase:firebase-installations:17.0.0] AndroidManifest.xml:20:17-82
138        </service>
139
140        <provider
140-->[:@react-native-firebase_app] AndroidManifest.xml:20:9-24:38
141            android:name="io.invertase.firebase.app.ReactNativeFirebaseAppInitProvider"
141-->[:@react-native-firebase_app] AndroidManifest.xml:21:13-88
142            android:authorities="com.cubersocial.reactnativefirebaseappinitprovider"
142-->[:@react-native-firebase_app] AndroidManifest.xml:22:13-86
143            android:exported="false"
143-->[:@react-native-firebase_app] AndroidManifest.xml:23:13-37
144            android:initOrder="99" />
144-->[:@react-native-firebase_app] AndroidManifest.xml:24:13-35
145        <provider
145-->[:react-native-image-crop-picker] AndroidManifest.xml:18:9-26:20
146            android:name="androidx.core.content.FileProvider"
146-->[:react-native-image-crop-picker] AndroidManifest.xml:19:13-62
147            android:authorities="com.cubersocial.provider"
147-->[:react-native-image-crop-picker] AndroidManifest.xml:20:13-60
148            android:exported="false"
148-->[:react-native-image-crop-picker] AndroidManifest.xml:21:13-37
149            android:grantUriPermissions="true" >
149-->[:react-native-image-crop-picker] AndroidManifest.xml:22:13-47
150            <meta-data
150-->[:react-native-image-crop-picker] AndroidManifest.xml:23:13-25:58
151                android:name="android.support.FILE_PROVIDER_PATHS"
151-->[:react-native-image-crop-picker] AndroidManifest.xml:24:17-67
152                android:resource="@xml/provider_paths" />
152-->[:react-native-image-crop-picker] AndroidManifest.xml:25:17-55
153        </provider>
154
155        <activity
155-->[:react-native-image-crop-picker] AndroidManifest.xml:28:9-30:72
156            android:name="com.yalantis.ucrop.UCropActivity"
156-->[:react-native-image-crop-picker] AndroidManifest.xml:29:13-60
157            android:theme="@style/Theme.AppCompat.Light.NoActionBar" />
157-->[:react-native-image-crop-picker] AndroidManifest.xml:30:13-69
158        <activity
158-->[com.google.firebase:firebase-auth:21.0.1] AndroidManifest.xml:27:9-44:20
159            android:name="com.google.firebase.auth.internal.GenericIdpActivity"
159-->[com.google.firebase:firebase-auth:21.0.1] AndroidManifest.xml:28:13-80
160            android:excludeFromRecents="true"
160-->[com.google.firebase:firebase-auth:21.0.1] AndroidManifest.xml:29:13-46
161            android:exported="true"
161-->[com.google.firebase:firebase-auth:21.0.1] AndroidManifest.xml:30:13-36
162            android:launchMode="singleTask"
162-->[com.google.firebase:firebase-auth:21.0.1] AndroidManifest.xml:31:13-44
163            android:theme="@android:style/Theme.Translucent.NoTitleBar" >
163-->[com.google.firebase:firebase-auth:21.0.1] AndroidManifest.xml:32:13-72
164            <intent-filter>
164-->[com.google.firebase:firebase-auth:21.0.1] AndroidManifest.xml:33:13-43:29
165                <action android:name="android.intent.action.VIEW" />
165-->[com.google.firebase:firebase-auth:21.0.1] AndroidManifest.xml:34:17-69
165-->[com.google.firebase:firebase-auth:21.0.1] AndroidManifest.xml:34:25-66
166
167                <category android:name="android.intent.category.DEFAULT" />
167-->[com.google.firebase:firebase-auth:21.0.1] AndroidManifest.xml:36:17-76
167-->[com.google.firebase:firebase-auth:21.0.1] AndroidManifest.xml:36:27-73
168                <category android:name="android.intent.category.BROWSABLE" />
168-->[com.google.firebase:firebase-auth:21.0.1] AndroidManifest.xml:37:17-78
168-->[com.google.firebase:firebase-auth:21.0.1] AndroidManifest.xml:37:27-75
169
170                <data
170-->[com.google.firebase:firebase-auth:21.0.1] AndroidManifest.xml:39:17-42:51
171                    android:host="firebase.auth"
171-->[com.google.firebase:firebase-auth:21.0.1] AndroidManifest.xml:40:21-49
172                    android:path="/"
172-->[com.google.firebase:firebase-auth:21.0.1] AndroidManifest.xml:41:21-37
173                    android:scheme="genericidp" />
173-->[com.google.firebase:firebase-auth:21.0.1] AndroidManifest.xml:42:21-48
174            </intent-filter>
175        </activity>
176        <activity
176-->[com.google.firebase:firebase-auth:21.0.1] AndroidManifest.xml:45:9-62:20
177            android:name="com.google.firebase.auth.internal.RecaptchaActivity"
177-->[com.google.firebase:firebase-auth:21.0.1] AndroidManifest.xml:46:13-79
178            android:excludeFromRecents="true"
178-->[com.google.firebase:firebase-auth:21.0.1] AndroidManifest.xml:47:13-46
179            android:exported="true"
179-->[com.google.firebase:firebase-auth:21.0.1] AndroidManifest.xml:48:13-36
180            android:launchMode="singleTask"
180-->[com.google.firebase:firebase-auth:21.0.1] AndroidManifest.xml:49:13-44
181            android:theme="@android:style/Theme.Translucent.NoTitleBar" >
181-->[com.google.firebase:firebase-auth:21.0.1] AndroidManifest.xml:50:13-72
182            <intent-filter>
182-->[com.google.firebase:firebase-auth:21.0.1] AndroidManifest.xml:51:13-61:29
183                <action android:name="android.intent.action.VIEW" />
183-->[com.google.firebase:firebase-auth:21.0.1] AndroidManifest.xml:34:17-69
183-->[com.google.firebase:firebase-auth:21.0.1] AndroidManifest.xml:34:25-66
184
185                <category android:name="android.intent.category.DEFAULT" />
185-->[com.google.firebase:firebase-auth:21.0.1] AndroidManifest.xml:36:17-76
185-->[com.google.firebase:firebase-auth:21.0.1] AndroidManifest.xml:36:27-73
186                <category android:name="android.intent.category.BROWSABLE" />
186-->[com.google.firebase:firebase-auth:21.0.1] AndroidManifest.xml:37:17-78
186-->[com.google.firebase:firebase-auth:21.0.1] AndroidManifest.xml:37:27-75
187
188                <data
188-->[com.google.firebase:firebase-auth:21.0.1] AndroidManifest.xml:39:17-42:51
189                    android:host="firebase.auth"
189-->[com.google.firebase:firebase-auth:21.0.1] AndroidManifest.xml:40:21-49
190                    android:path="/"
190-->[com.google.firebase:firebase-auth:21.0.1] AndroidManifest.xml:41:21-37
191                    android:scheme="recaptcha" />
191-->[com.google.firebase:firebase-auth:21.0.1] AndroidManifest.xml:42:21-48
192            </intent-filter>
193        </activity>
194
195        <service
195-->[com.google.firebase:firebase-auth:21.0.1] AndroidManifest.xml:64:9-73:19
196            android:name="com.google.firebase.auth.api.fallback.service.FirebaseAuthFallbackService"
196-->[com.google.firebase:firebase-auth:21.0.1] AndroidManifest.xml:65:13-101
197            android:enabled="true"
197-->[com.google.firebase:firebase-auth:21.0.1] AndroidManifest.xml:66:13-35
198            android:exported="false" >
198-->[com.google.firebase:firebase-auth:21.0.1] AndroidManifest.xml:67:13-37
199            <intent-filter>
199-->[com.google.firebase:firebase-auth:21.0.1] AndroidManifest.xml:68:13-72:29
200                <action android:name="com.google.firebase.auth.api.gms.service.START" />
200-->[com.google.firebase:firebase-auth:21.0.1] AndroidManifest.xml:69:17-89
200-->[com.google.firebase:firebase-auth:21.0.1] AndroidManifest.xml:69:25-86
201
202                <category android:name="android.intent.category.DEFAULT" />
202-->[com.google.firebase:firebase-auth:21.0.1] AndroidManifest.xml:36:17-76
202-->[com.google.firebase:firebase-auth:21.0.1] AndroidManifest.xml:36:27-73
203            </intent-filter>
204        </service>
205
206        <activity
206-->[com.facebook.android:facebook-common:8.2.0] AndroidManifest.xml:30:9-33:66
207            android:name="com.facebook.FacebookActivity"
207-->[com.facebook.android:facebook-common:8.2.0] AndroidManifest.xml:31:13-57
208            android:configChanges="keyboard|keyboardHidden|screenLayout|screenSize|orientation"
208-->[com.facebook.android:facebook-common:8.2.0] AndroidManifest.xml:32:13-96
209            android:theme="@style/com_facebook_activity_theme" />
209-->[com.facebook.android:facebook-common:8.2.0] AndroidManifest.xml:33:13-63
210        <activity android:name="com.facebook.CustomTabMainActivity" />
210-->[com.facebook.android:facebook-common:8.2.0] AndroidManifest.xml:34:9-71
210-->[com.facebook.android:facebook-common:8.2.0] AndroidManifest.xml:34:19-68
211        <activity
211-->[com.facebook.android:facebook-common:8.2.0] AndroidManifest.xml:35:9-49:20
212            android:name="com.facebook.CustomTabActivity"
212-->[com.facebook.android:facebook-common:8.2.0] AndroidManifest.xml:36:13-58
213            android:exported="true" >
213-->[com.facebook.android:facebook-common:8.2.0] AndroidManifest.xml:37:13-36
214            <intent-filter>
214-->[com.facebook.android:facebook-common:8.2.0] AndroidManifest.xml:39:13-48:29
215                <action android:name="android.intent.action.VIEW" />
215-->[com.google.firebase:firebase-auth:21.0.1] AndroidManifest.xml:34:17-69
215-->[com.google.firebase:firebase-auth:21.0.1] AndroidManifest.xml:34:25-66
216
217                <category android:name="android.intent.category.DEFAULT" />
217-->[com.google.firebase:firebase-auth:21.0.1] AndroidManifest.xml:36:17-76
217-->[com.google.firebase:firebase-auth:21.0.1] AndroidManifest.xml:36:27-73
218                <category android:name="android.intent.category.BROWSABLE" />
218-->[com.google.firebase:firebase-auth:21.0.1] AndroidManifest.xml:37:17-78
218-->[com.google.firebase:firebase-auth:21.0.1] AndroidManifest.xml:37:27-75
219
220                <data
220-->[com.google.firebase:firebase-auth:21.0.1] AndroidManifest.xml:39:17-42:51
221                    android:host="cct.com.cubersocial"
221-->[com.google.firebase:firebase-auth:21.0.1] AndroidManifest.xml:40:21-49
222                    android:scheme="fbconnect" />
222-->[com.google.firebase:firebase-auth:21.0.1] AndroidManifest.xml:42:21-48
223            </intent-filter>
224        </activity>
225        <activity
225-->[io.github.nishkarsh:android-permissions:0.1.8] AndroidManifest.xml:12:9-15:59
226            android:name="com.intentfilter.androidpermissions.PermissionsActivity"
226-->[io.github.nishkarsh:android-permissions:0.1.8] AndroidManifest.xml:13:13-83
227            android:excludeFromRecents="true"
227-->[io.github.nishkarsh:android-permissions:0.1.8] AndroidManifest.xml:14:13-46
228            android:theme="@style/AppTheme.Transparent" />
228-->[io.github.nishkarsh:android-permissions:0.1.8] AndroidManifest.xml:15:13-56
229        <!--
230         The initialization ContentProvider will call FacebookSdk.sdkInitialize automatically
231         with the application context. This config is merged in with the host app's manifest,
232         but there can only be one provider with the same authority activated at any given
233         point; so if the end user has two or more different apps that use Facebook SDK, only the
234         first one will be able to use the provider. To work around this problem, we use the
235         following placeholder in the authority to identify each host application as if it was
236         a completely different provider.
237        -->
238        <provider
238-->[com.facebook.android:facebook-core:8.2.0] AndroidManifest.xml:39:9-42:40
239            android:name="com.facebook.internal.FacebookInitProvider"
239-->[com.facebook.android:facebook-core:8.2.0] AndroidManifest.xml:40:13-70
240            android:authorities="com.cubersocial.FacebookInitProvider"
240-->[com.facebook.android:facebook-core:8.2.0] AndroidManifest.xml:41:13-72
241            android:exported="false" />
241-->[com.facebook.android:facebook-core:8.2.0] AndroidManifest.xml:42:13-37
242
243        <receiver
243-->[com.facebook.android:facebook-core:8.2.0] AndroidManifest.xml:44:9-50:20
244            android:name="com.facebook.CurrentAccessTokenExpirationBroadcastReceiver"
244-->[com.facebook.android:facebook-core:8.2.0] AndroidManifest.xml:45:13-86
245            android:exported="false" >
245-->[com.facebook.android:facebook-core:8.2.0] AndroidManifest.xml:46:13-37
246            <intent-filter>
246-->[com.facebook.android:facebook-core:8.2.0] AndroidManifest.xml:47:13-49:29
247                <action android:name="com.facebook.sdk.ACTION_CURRENT_ACCESS_TOKEN_CHANGED" />
247-->[com.facebook.android:facebook-core:8.2.0] AndroidManifest.xml:48:17-95
247-->[com.facebook.android:facebook-core:8.2.0] AndroidManifest.xml:48:25-92
248            </intent-filter>
249        </receiver>
250
251        <meta-data
251-->[com.github.bumptech.glide:okhttp3-integration:4.12.0] AndroidManifest.xml:11:9-13:43
252            android:name="com.bumptech.glide.integration.okhttp3.OkHttpGlideModule"
252-->[com.github.bumptech.glide:okhttp3-integration:4.12.0] AndroidManifest.xml:12:13-84
253            android:value="GlideModule" />
253-->[com.github.bumptech.glide:okhttp3-integration:4.12.0] AndroidManifest.xml:13:13-40
254
255        <activity
255-->[com.google.android.gms:play-services-auth:19.2.0] AndroidManifest.xml:23:9-27:75
256            android:name="com.google.android.gms.auth.api.signin.internal.SignInHubActivity"
256-->[com.google.android.gms:play-services-auth:19.2.0] AndroidManifest.xml:24:13-93
257            android:excludeFromRecents="true"
257-->[com.google.android.gms:play-services-auth:19.2.0] AndroidManifest.xml:25:13-46
258            android:exported="false"
258-->[com.google.android.gms:play-services-auth:19.2.0] AndroidManifest.xml:26:13-37
259            android:theme="@android:style/Theme.Translucent.NoTitleBar" />
259-->[com.google.android.gms:play-services-auth:19.2.0] AndroidManifest.xml:27:13-72
260        <!--
261            Service handling Google Sign-In user revocation. For apps that do not integrate with
262            Google Sign-In, this service will never be started.
263        -->
264        <service
264-->[com.google.android.gms:play-services-auth:19.2.0] AndroidManifest.xml:33:9-37:51
265            android:name="com.google.android.gms.auth.api.signin.RevocationBoundService"
265-->[com.google.android.gms:play-services-auth:19.2.0] AndroidManifest.xml:34:13-89
266            android:exported="true"
266-->[com.google.android.gms:play-services-auth:19.2.0] AndroidManifest.xml:35:13-36
267            android:permission="com.google.android.gms.auth.api.signin.permission.REVOCATION_NOTIFICATION"
267-->[com.google.android.gms:play-services-auth:19.2.0] AndroidManifest.xml:36:13-107
268            android:visibleToInstantApps="true" />
268-->[com.google.android.gms:play-services-auth:19.2.0] AndroidManifest.xml:37:13-48
269
270        <activity
270-->[com.google.android.gms:play-services-base:17.5.0] AndroidManifest.xml:23:9-26:75
271            android:name="com.google.android.gms.common.api.GoogleApiActivity"